# JRE version: OpenJDK Runtime Environment (8.0_242-b01) (build 1.8.0_242-release-1644-b01)
# Java VM: OpenJDK 64-Bit Server VM (25.242-b01 mixed mode windows-amd64 compressed oops)
Heap:
 PSYoungGen      total 397312K, used 284399K [0x00000000d5580000, 0x00000000f6d80000, 0x0000000100000000)
  eden space 373248K, 76% used [0x00000000d5580000,0x00000000e6b3bf38,0x00000000ec200000)
  from space 24064K, 0% used [0x00000000ec200000,0x00000000ec200000,0x00000000ed980000)
  to   space 24576K, 0% used [0x00000000f5580000,0x00000000f5580000,0x00000000f6d80000)
 ParOldGen       total 120320K, used 28085K [0x0000000080000000, 0x0000000087580000, 0x00000000d5580000)
  object space 120320K, 23% used [0x0000000080000000,0x0000000081b6d680,0x0000000087580000)
 Metaspace       used 63691K, capacity 66406K, committed 66608K, reserved 1105920K
  class space    used 8688K, capacity 9248K, committed 9264K, reserved 1048576K
GC Heap History (10 events):
Event: 5.478 GC heap before
{Heap before GC invocations=8 (full 1):
 PSYoungGen      total 238080K, used 66706K [0x00000000d5580000, 0x00000000e6f80000, 0x0000000100000000)
  eden space 224768K, 23% used [0x00000000d5580000,0x00000000d89a7ec0,0x00000000e3100000)
  from space 13312K, 99% used [0x00000000e6280000,0x00000000e6f7cbd8,0x00000000e6f80000)
  to   space 15872K, 0% used [0x00000000e5080000,0x00000000e5080000,0x00000000e6000000)
 ParOldGen       total 56320K, used 7232K [0x0000000080000000, 0x0000000083700000, 0x00000000d5580000)
  object space 56320K, 12% used [0x0000000080000000,0x0000000080710280,0x0000000083700000)
 Metaspace       used 34602K, capacity 35414K, committed 35496K, reserved 1079296K
  class space    used 4744K, capacity 4972K, committed 5040K, reserved 1048576K
Event: 5.487 GC heap after
Heap after GC invocations=8 (full 1):
 PSYoungGen      total 272896K, used 8745K [0x00000000d5580000, 0x00000000ee880000, 0x0000000100000000)
  eden space 257024K, 0% used [0x00000000d5580000,0x00000000d5580000,0x00000000e5080000)
  from space 15872K, 55% used [0x00000000e5080000,0x00000000e590a530,0x00000000e6000000)
  to   space 15360K, 0% used [0x00000000ed980000,0x00000000ed980000,0x00000000ee880000)
 ParOldGen       total 56320K, used 7240K [0x0000000080000000, 0x0000000083700000, 0x00000000d5580000)
  object space 56320K, 12% used [0x0000000080000000,0x0000000080712280,0x0000000083700000)
 Metaspace       used 34602K, capacity 35414K, committed 35496K, reserved 1079296K
  class space    used 4744K, capacity 4972K, committed 5040K, reserved 1048576K
}
Event: 5.487 GC heap before
{Heap before GC invocations=9 (full 2):
 PSYoungGen      total 272896K, used 8745K [0x00000000d5580000, 0x00000000ee880000, 0x0000000100000000)
  eden space 257024K, 0% used [0x00000000d5580000,0x00000000d5580000,0x00000000e5080000)
  from space 15872K, 55% used [0x00000000e5080000,0x00000000e590a530,0x00000000e6000000)
  to   space 15360K, 0% used [0x00000000ed980000,0x00000000ed980000,0x00000000ee880000)
 ParOldGen       total 56320K, used 7240K [0x0000000080000000, 0x0000000083700000, 0x00000000d5580000)
  object space 56320K, 12% used [0x0000000080000000,0x0000000080712280,0x0000000083700000)
 Metaspace       used 34602K, capacity 35414K, committed 35496K, reserved 1079296K
  class space    used 4744K, capacity 4972K, committed 5040K, reserved 1048576K
Event: 5.563 GC heap after
Heap after GC invocations=9 (full 2):
 PSYoungGen      total 272896K, used 0K [0x00000000d5580000, 0x00000000ee880000, 0x0000000100000000)
  eden space 257024K, 0% used [0x00000000d5580000,0x00000000d5580000,0x00000000e5080000)
  from space 15872K, 0% used [0x00000000e5080000,0x00000000e5080000,0x00000000e6000000)
  to   space 15360K, 0% used [0x00000000ed980000,0x00000000ed980000,0x00000000ee880000)
 ParOldGen       total 84480K, used 15228K [0x0000000080000000, 0x0000000085280000, 0x00000000d5580000)
  object space 84480K, 18% used [0x0000000080000000,0x0000000080edf1b0,0x0000000085280000)
 Metaspace       used 34602K, capacity 35414K, committed 35496K, reserved 1079296K
  class space    used 4744K, capacity 4972K, committed 5040K, reserved 1048576K
}
Event: 10.311 GC heap before
{Heap before GC invocations=10 (full 2):
 PSYoungGen      total 272896K, used 257024K [0x00000000d5580000, 0x00000000ee880000, 0x0000000100000000)
  eden space 257024K, 100% used [0x00000000d5580000,0x00000000e5080000,0x00000000e5080000)
  from space 15872K, 0% used [0x00000000e5080000,0x00000000e5080000,0x00000000e6000000)
  to   space 15360K, 0% used [0x00000000ed980000,0x00000000ed980000,0x00000000ee880000)
 ParOldGen       total 84480K, used 15228K [0x0000000080000000, 0x0000000085280000, 0x00000000d5580000)
  object space 84480K, 18% used [0x0000000080000000,0x0000000080edf1b0,0x0000000085280000)
 Metaspace       used 56089K, capacity 58042K, committed 58160K, reserved 1099776K
  class space    used 7695K, capacity 8166K, committed 8240K, reserved 1048576K
Event: 10.339 GC heap after
Heap after GC invocations=10 (full 2):
 PSYoungGen      total 388608K, used 15341K [0x00000000d5580000, 0x00000000ef300000, 0x0000000100000000)
  eden space 373248K, 0% used [0x00000000d5580000,0x00000000d5580000,0x00000000ec200000)
  from space 15360K, 99% used [0x00000000ed980000,0x00000000ee87b5b8,0x00000000ee880000)
  to   space 24064K, 0% used [0x00000000ec200000,0x00000000ec200000,0x00000000ed980000)
 ParOldGen       total 84480K, used 29430K [0x0000000080000000, 0x0000000085280000, 0x00000000d5580000)
  object space 84480K, 34% used [0x0000000080000000,0x0000000081cbd9a8,0x0000000085280000)
 Metaspace       used 56089K, capacity 58042K, committed 58160K, reserved 1099776K
  class space    used 7695K, capacity 8166K, committed 8240K, reserved 1048576K
}
Event: 10.794 GC heap before
{Heap before GC invocations=11 (full 2):
 PSYoungGen      total 388608K, used 29292K [0x00000000d5580000, 0x00000000ef300000, 0x0000000100000000)
  eden space 373248K, 3% used [0x00000000d5580000,0x00000000d631fd10,0x00000000ec200000)
  from space 15360K, 99% used [0x00000000ed980000,0x00000000ee87b5b8,0x00000000ee880000)
  to   space 24064K, 0% used [0x00000000ec200000,0x00000000ec200000,0x00000000ed980000)
 ParOldGen       total 84480K, used 29430K [0x0000000080000000, 0x0000000085280000, 0x00000000d5580000)
  object space 84480K, 34% used [0x0000000080000000,0x0000000081cbd9a8,0x0000000085280000)
 Metaspace       used 57102K, capacity 59066K, committed 59160K, reserved 1099776K
  class space    used 7831K, capacity 8284K, committed 8368K, reserved 1048576K
Event: 10.825 GC heap after
Heap after GC invocations=11 (full 2):
 PSYoungGen      total 397312K, used 15885K [0x00000000d5580000, 0x00000000f6d80000, 0x0000000100000000)
  eden space 373248K, 0% used [0x00000000d5580000,0x00000000d5580000,0x00000000ec200000)
  from space 24064K, 66% used [0x00000000ec200000,0x00000000ed1835e8,0x00000000ed980000)
  to   space 24576K, 0% used [0x00000000f5580000,0x00000000f5580000,0x00000000f6d80000)
 ParOldGen       total 84480K, used 29438K [0x0000000080000000, 0x0000000085280000, 0x00000000d5580000)
  object space 84480K, 34% used [0x0000000080000000,0x0000000081cbf9a8,0x0000000085280000)
 Metaspace       used 57102K, capacity 59066K, committed 59160K, reserved 1099776K
  class space    used 7831K, capacity 8284K, committed 8368K, reserved 1048576K
}
Event: 10.825 GC heap before
{Heap before GC invocations=12 (full 3):
 PSYoungGen      total 397312K, used 15885K [0x00000000d5580000, 0x00000000f6d80000, 0x0000000100000000)
  eden space 373248K, 0% used [0x00000000d5580000,0x00000000d5580000,0x00000000ec200000)
  from space 24064K, 66% used [0x00000000ec200000,0x00000000ed1835e8,0x00000000ed980000)
  to   space 24576K, 0% used [0x00000000f5580000,0x00000000f5580000,0x00000000f6d80000)
 ParOldGen       total 84480K, used 29438K [0x0000000080000000, 0x0000000085280000, 0x00000000d5580000)
  object space 84480K, 34% used [0x0000000080000000,0x0000000081cbf9a8,0x0000000085280000)
 Metaspace       used 57102K, capacity 59066K, committed 59160K, reserved 1099776K
  class space    used 7831K, capacity 8284K, committed 8368K, reserved 1048576K
Event: 11.076 GC heap after
Heap after GC invocations=12 (full 3):
 PSYoungGen      total 397312K, used 0K [0x00000000d5580000, 0x00000000f6d80000, 0x0000000100000000)
  eden space 373248K, 0% used [0x00000000d5580000,0x00000000d5580000,0x00000000ec200000)
  from space 24064K, 0% used [0x00000000ec200000,0x00000000ec200000,0x00000000ed980000)
  to   space 24576K, 0% used [0x00000000f5580000,0x00000000f5580000,0x00000000f6d80000)
 ParOldGen       total 120320K, used 28085K [0x0000000080000000, 0x0000000087580000, 0x00000000d5580000)
  object space 120320K, 23% used [0x0000000080000000,0x0000000081b6d680,0x0000000087580000)
 Metaspace       used 57088K, capacity 59018K, committed 59160K, reserved 1099776K
  class space    used 7827K, capacity 8276K, committed 8368K, reserved 1048576K
}

